<?xml version="1.0" encoding="UTF-8"?>
<testng-results ignored="0" total="1" passed="1" failed="0" skipped="0">
  <reporter-output>
  </reporter-output>
  <suite started-at="2021-11-10T17:01:40 EST" name="Suite1" finished-at="2021-11-10T17:01:53 EST" duration-ms="13522">
    <groups>
    </groups>
    <test started-at="2021-11-10T17:01:40 EST" name="Test1" finished-at="2021-11-10T17:01:53 EST" duration-ms="13522">
      <class name="testCases.TestEbay">
        <test-method is-config="true" signature="setup()[pri:0, instance:testCases.TestEbay@73a1e9a9]" started-at="2021-11-10T17:01:40 EST" name="setup" finished-at="2021-11-10T17:01:45 EST" duration-ms="5226" status="PASS">
          <reporter-output>
          </reporter-output>
        </test-method> <!-- setup -->
        <test-method signature="searchThingsandVerify()[pri:1, instance:testCases.TestEbay@73a1e9a9]" started-at="2021-11-10T17:01:45 EST" name="searchThingsandVerify" finished-at="2021-11-10T17:01:49 EST" duration-ms="3952" status="PASS">
          <reporter-output>
          </reporter-output>
        </test-method> <!-- searchThingsandVerify -->
        <test-method is-config="true" signature="clear()[pri:0, instance:testCases.TestEbay@73a1e9a9]" started-at="2021-11-10T17:01:49 EST" name="clear" finished-at="2021-11-10T17:01:53 EST" duration-ms="4242" status="PASS">
          <reporter-output>
          </reporter-output>
        </test-method> <!-- clear -->
      </class> <!-- testCases.TestEbay -->
    </test> <!-- Test1 -->
  </suite> <!-- Suite1 -->
</testng-results>
